# JRE version: OpenJDK Runtime Environment (11.0.12+7) (build 11.0.12+7-b1504.28-7817840)
# Java VM: OpenJDK 64-Bit Server VM (11.0.12+7-b1504.28-7817840, mixed mode, tiered, compressed oops, g1 gc, windows-amd64)
Heap:
 garbage-first heap   total 514048K, used 234345K [0x0000000080000000, 0x0000000100000000)
  region size 1024K, 2 young (2048K), 2 survivors (2048K)
 Metaspace       used 106125K, capacity 109198K, committed 109388K, reserved 1142784K
  class space    used 13908K, capacity 15078K, committed 15180K, reserved 1048576K
GC Heap History (20 events):
Event: 19.448 GC heap after
{Heap after GC invocations=23 (full 0):
 garbage-first heap   total 290816K, used 215039K [0x0000000080000000, 0x0000000100000000)
  region size 1024K, 5 young (5120K), 5 survivors (5120K)
 Metaspace       used 96650K, capacity 98966K, committed 99404K, reserved 1134592K
  class space    used 12616K, capacity 13496K, committed 13644K, reserved 1048576K
}
Event: 20.030 GC heap before
{Heap before GC invocations=23 (full 0):
 garbage-first heap   total 290816K, used 235519K [0x0000000080000000, 0x0000000100000000)
  region size 1024K, 26 young (26624K), 5 survivors (5120K)
 Metaspace       used 98465K, capacity 100931K, committed 101196K, reserved 1136640K
  class space    used 12873K, capacity 13804K, committed 13900K, reserved 1048576K
}
Event: 20.054 GC heap after
{Heap after GC invocations=24 (full 0):
 garbage-first heap   total 349184K, used 220028K [0x0000000080000000, 0x0000000100000000)
  region size 1024K, 4 young (4096K), 4 survivors (4096K)
 Metaspace       used 98465K, capacity 100931K, committed 101196K, reserved 1136640K
  class space    used 12873K, capacity 13804K, committed 13900K, reserved 1048576K
}
Event: 20.905 GC heap before
{Heap before GC invocations=25 (full 0):
 garbage-first heap   total 349184K, used 247676K [0x0000000080000000, 0x0000000100000000)
  region size 1024K, 43 young (44032K), 4 survivors (4096K)
 Metaspace       used 99685K, capacity 102316K, committed 102348K, reserved 1138688K
  class space    used 13033K, capacity 14003K, committed 14028K, reserved 1048576K
}
Event: 20.936 GC heap after
{Heap after GC invocations=26 (full 0):
 garbage-first heap   total 349184K, used 213508K [0x0000000080000000, 0x0000000100000000)
  region size 1024K, 6 young (6144K), 6 survivors (6144K)
 Metaspace       used 99685K, capacity 102316K, committed 102348K, reserved 1138688K
  class space    used 13033K, capacity 14003K, committed 14028K, reserved 1048576K
}
Event: 21.021 GC heap before
{Heap before GC invocations=26 (full 0):
 garbage-first heap   total 349184K, used 224772K [0x0000000080000000, 0x0000000100000000)
  region size 1024K, 17 young (17408K), 6 survivors (6144K)
 Metaspace       used 99809K, capacity 102412K, committed 102732K, reserved 1138688K
  class space    used 13047K, capacity 14035K, committed 14156K, reserved 1048576K
}
Event: 21.040 GC heap after
{Heap after GC invocations=27 (full 0):
 garbage-first heap   total 349184K, used 213708K [0x0000000080000000, 0x0000000100000000)
  region size 1024K, 3 young (3072K), 3 survivors (3072K)
 Metaspace       used 99809K, capacity 102412K, committed 102732K, reserved 1138688K
  class space    used 13047K, capacity 14035K, committed 14156K, reserved 1048576K
}
Event: 21.174 GC heap before
{Heap before GC invocations=27 (full 0):
 garbage-first heap   total 349184K, used 235212K [0x0000000080000000, 0x0000000100000000)
  region size 1024K, 25 young (25600K), 3 survivors (3072K)
 Metaspace       used 100038K, capacity 102608K, committed 102732K, reserved 1138688K
  class space    used 13073K, capacity 14035K, committed 14156K, reserved 1048576K
}
Event: 21.185 GC heap after
{Heap after GC invocations=28 (full 0):
 garbage-first heap   total 349184K, used 216243K [0x0000000080000000, 0x0000000100000000)
  region size 1024K, 5 young (5120K), 5 survivors (5120K)
 Metaspace       used 100038K, capacity 102608K, committed 102732K, reserved 1138688K
  class space    used 13073K, capacity 14035K, committed 14156K, reserved 1048576K
}
Event: 21.754 GC heap before
{Heap before GC invocations=28 (full 0):
 garbage-first heap   total 349184K, used 265395K [0x0000000080000000, 0x0000000100000000)
  region size 1024K, 53 young (54272K), 5 survivors (5120K)
 Metaspace       used 100544K, capacity 103129K, committed 103244K, reserved 1138688K
  class space    used 13134K, capacity 14120K, committed 14156K, reserved 1048576K
}
Event: 21.767 GC heap after
{Heap after GC invocations=29 (full 0):
 garbage-first heap   total 349184K, used 220743K [0x0000000080000000, 0x0000000100000000)
  region size 1024K, 7 young (7168K), 7 survivors (7168K)
 Metaspace       used 100544K, capacity 103129K, committed 103244K, reserved 1138688K
  class space    used 13134K, capacity 14120K, committed 14156K, reserved 1048576K
}
Event: 22.445 GC heap before
{Heap before GC invocations=30 (full 0):
 garbage-first heap   total 349184K, used 269895K [0x0000000080000000, 0x0000000100000000)
  region size 1024K, 56 young (57344K), 7 survivors (7168K)
 Metaspace       used 101579K, capacity 104232K, committed 104396K, reserved 1138688K
  class space    used 13246K, capacity 14255K, committed 14284K, reserved 1048576K
}
Event: 22.474 GC heap after
{Heap after GC invocations=31 (full 0):
 garbage-first heap   total 419840K, used 224928K [0x0000000080000000, 0x0000000100000000)
  region size 1024K, 5 young (5120K), 5 survivors (5120K)
 Metaspace       used 101579K, capacity 104232K, committed 104396K, reserved 1138688K
  class space    used 13246K, capacity 14255K, committed 14284K, reserved 1048576K
}
Event: 22.642 GC heap before
{Heap before GC invocations=31 (full 0):
 garbage-first heap   total 419840K, used 241312K [0x0000000080000000, 0x0000000100000000)
  region size 1024K, 20 young (20480K), 5 survivors (5120K)
 Metaspace       used 102599K, capacity 105435K, committed 105676K, reserved 1140736K
  class space    used 13402K, capacity 14488K, committed 14540K, reserved 1048576K
}
Event: 22.660 GC heap after
{Heap after GC invocations=32 (full 0):
 garbage-first heap   total 419840K, used 228160K [0x0000000080000000, 0x0000000100000000)
  region size 1024K, 3 young (3072K), 3 survivors (3072K)
 Metaspace       used 102599K, capacity 105435K, committed 105676K, reserved 1140736K
  class space    used 13402K, capacity 14488K, committed 14540K, reserved 1048576K
}
Event: 23.069 GC heap before
{Heap before GC invocations=32 (full 0):
 garbage-first heap   total 419840K, used 250688K [0x0000000080000000, 0x0000000100000000)
  region size 1024K, 27 young (27648K), 3 survivors (3072K)
 Metaspace       used 104798K, capacity 107703K, committed 107852K, reserved 1142784K
  class space    used 13756K, capacity 14885K, committed 14924K, reserved 1048576K
}
Event: 23.093 GC heap after
{Heap after GC invocations=33 (full 0):
 garbage-first heap   total 419840K, used 230613K [0x0000000080000000, 0x0000000100000000)
  region size 1024K, 6 young (6144K), 6 survivors (6144K)
 Metaspace       used 104798K, capacity 107703K, committed 107852K, reserved 1142784K
  class space    used 13756K, capacity 14885K, committed 14924K, reserved 1048576K
}
Event: 24.441 GC heap before
{Heap before GC invocations=34 (full 0):
 garbage-first heap   total 419840K, used 304341K [0x0000000080000000, 0x0000000100000000)
  region size 1024K, 75 young (76800K), 6 survivors (6144K)
 Metaspace       used 105976K, capacity 109052K, committed 109388K, reserved 1142784K
  class space    used 13903K, capacity 15075K, committed 15180K, reserved 1048576K
}
Event: 24.468 GC heap after
{Heap after GC invocations=35 (full 0):
 garbage-first heap   total 419840K, used 239425K [0x0000000080000000, 0x0000000100000000)
  region size 1024K, 8 young (8192K), 8 survivors (8192K)
 Metaspace       used 105976K, capacity 109052K, committed 109388K, reserved 1142784K
  class space    used 13903K, capacity 15075K, committed 15180K, reserved 1048576K
}
Event: 24.567 GC heap before
{Heap before GC invocations=35 (full 0):
 garbage-first heap   total 419840K, used 251713K [0x0000000080000000, 0x0000000100000000)
  region size 1024K, 20 young (20480K), 8 survivors (8192K)
 Metaspace       used 106125K, capacity 109198K, committed 109388K, reserved 1142784K
  class space    used 13908K, capacity 15078K, committed 15180K, reserved 1048576K
}

