# JRE version: OpenJDK Runtime Environment (11.0.12+7) (build 11.0.12+7-b1504.28-7817840)
# Java VM: OpenJDK 64-Bit Server VM (11.0.12+7-b1504.28-7817840, mixed mode, tiered, compressed oops, g1 gc, windows-amd64)
Heap:
 garbage-first heap   total 194560K, used 113894K [0x0000000080000000, 0x0000000100000000)
  region size 1024K, 5 young (5120K), 1 survivors (1024K)
 Metaspace       used 134585K, capacity 139555K, committed 139828K, reserved 1171456K
  class space    used 16409K, capacity 18186K, committed 18304K, reserved 1048576K
GC Heap History (20 events):
Event: 9551.838 GC heap after
{Heap after GC invocations=154 (full 0):
 garbage-first heap   total 194560K, used 96352K [0x0000000080000000, 0x0000000100000000)
  region size 1024K, 2 young (2048K), 2 survivors (2048K)
 Metaspace       used 133752K, capacity 138657K, committed 138932K, reserved 1171456K
  class space    used 16367K, capacity 18096K, committed 18176K, reserved 1048576K
}
Event: 9553.063 GC heap before
{Heap before GC invocations=154 (full 0):
 garbage-first heap   total 194560K, used 150624K [0x0000000080000000, 0x0000000100000000)
  region size 1024K, 56 young (57344K), 2 survivors (2048K)
 Metaspace       used 133852K, capacity 138761K, committed 138932K, reserved 1171456K
  class space    used 16373K, capacity 18129K, committed 18176K, reserved 1048576K
}
Event: 9553.093 GC heap after
{Heap after GC invocations=155 (full 0):
 garbage-first heap   total 194560K, used 101117K [0x0000000080000000, 0x0000000100000000)
  region size 1024K, 7 young (7168K), 7 survivors (7168K)
 Metaspace       used 133852K, capacity 138761K, committed 138932K, reserved 1171456K
  class space    used 16373K, capacity 18129K, committed 18176K, reserved 1048576K
}
Event: 9572.522 GC heap before
{Heap before GC invocations=156 (full 0):
 garbage-first heap   total 194560K, used 153341K [0x0000000080000000, 0x0000000100000000)
  region size 1024K, 59 young (60416K), 7 survivors (7168K)
 Metaspace       used 133937K, capacity 138761K, committed 138932K, reserved 1171456K
  class space    used 16374K, capacity 18129K, committed 18176K, reserved 1048576K
}
Event: 9572.541 GC heap after
{Heap after GC invocations=157 (full 0):
 garbage-first heap   total 194560K, used 107615K [0x0000000080000000, 0x0000000100000000)
  region size 1024K, 7 young (7168K), 7 survivors (7168K)
 Metaspace       used 133937K, capacity 138761K, committed 138932K, reserved 1171456K
  class space    used 16374K, capacity 18129K, committed 18176K, reserved 1048576K
}
Event: 9572.574 GC heap before
{Heap before GC invocations=157 (full 0):
 garbage-first heap   total 194560K, used 109663K [0x0000000080000000, 0x0000000100000000)
  region size 1024K, 9 young (9216K), 7 survivors (7168K)
 Metaspace       used 133937K, capacity 138761K, committed 138932K, reserved 1171456K
  class space    used 16374K, capacity 18129K, committed 18176K, reserved 1048576K
}
Event: 9572.589 GC heap after
{Heap after GC invocations=158 (full 0):
 garbage-first heap   total 194560K, used 108140K [0x0000000080000000, 0x0000000100000000)
  region size 1024K, 2 young (2048K), 2 survivors (2048K)
 Metaspace       used 133937K, capacity 138761K, committed 138932K, reserved 1171456K
  class space    used 16374K, capacity 18129K, committed 18176K, reserved 1048576K
}
Event: 9573.953 GC heap before
{Heap before GC invocations=158 (full 0):
 garbage-first heap   total 194560K, used 155244K [0x0000000080000000, 0x0000000100000000)
  region size 1024K, 49 young (50176K), 2 survivors (2048K)
 Metaspace       used 133955K, capacity 138761K, committed 138932K, reserved 1171456K
  class space    used 16374K, capacity 18129K, committed 18176K, reserved 1048576K
}
Event: 9573.973 GC heap after
{Heap after GC invocations=159 (full 0):
 garbage-first heap   total 194560K, used 111146K [0x0000000080000000, 0x0000000100000000)
  region size 1024K, 5 young (5120K), 5 survivors (5120K)
 Metaspace       used 133955K, capacity 138761K, committed 138932K, reserved 1171456K
  class space    used 16374K, capacity 18129K, committed 18176K, reserved 1048576K
}
Event: 9574.950 GC heap before
{Heap before GC invocations=160 (full 0):
 garbage-first heap   total 194560K, used 156202K [0x0000000080000000, 0x0000000100000000)
  region size 1024K, 51 young (52224K), 5 survivors (5120K)
 Metaspace       used 134250K, capacity 139065K, committed 139188K, reserved 1171456K
  class space    used 16397K, capacity 18169K, committed 18176K, reserved 1048576K
}
Event: 9574.966 GC heap after
{Heap after GC invocations=161 (full 0):
 garbage-first heap   total 194560K, used 120322K [0x0000000080000000, 0x0000000100000000)
  region size 1024K, 7 young (7168K), 7 survivors (7168K)
 Metaspace       used 134250K, capacity 139065K, committed 139188K, reserved 1171456K
  class space    used 16397K, capacity 18169K, committed 18176K, reserved 1048576K
}
Event: 9574.991 GC heap before
{Heap before GC invocations=161 (full 0):
 garbage-first heap   total 194560K, used 122370K [0x0000000080000000, 0x0000000100000000)
  region size 1024K, 9 young (9216K), 7 survivors (7168K)
 Metaspace       used 134263K, capacity 139065K, committed 139188K, reserved 1171456K
  class space    used 16397K, capacity 18169K, committed 18176K, reserved 1048576K
}
Event: 9575.024 GC heap after
{Heap after GC invocations=162 (full 0):
 garbage-first heap   total 194560K, used 112640K [0x0000000080000000, 0x0000000100000000)
  region size 1024K, 1 young (1024K), 1 survivors (1024K)
 Metaspace       used 134263K, capacity 139065K, committed 139188K, reserved 1171456K
  class space    used 16397K, capacity 18169K, committed 18176K, reserved 1048576K
}
Event: 9575.600 GC heap before
{Heap before GC invocations=162 (full 0):
 garbage-first heap   total 194560K, used 154624K [0x0000000080000000, 0x0000000100000000)
  region size 1024K, 43 young (44032K), 1 survivors (1024K)
 Metaspace       used 134393K, capacity 139331K, committed 139444K, reserved 1171456K
  class space    used 16399K, capacity 18169K, committed 18176K, reserved 1048576K
}
Event: 9575.622 GC heap after
{Heap after GC invocations=163 (full 0):
 garbage-first heap   total 194560K, used 117067K [0x0000000080000000, 0x0000000100000000)
  region size 1024K, 6 young (6144K), 6 survivors (6144K)
 Metaspace       used 134393K, capacity 139331K, committed 139444K, reserved 1171456K
  class space    used 16399K, capacity 18169K, committed 18176K, reserved 1048576K
}
Event: 9575.831 GC heap before
{Heap before GC invocations=163 (full 0):
 garbage-first heap   total 194560K, used 155979K [0x0000000080000000, 0x0000000100000000)
  region size 1024K, 45 young (46080K), 6 survivors (6144K)
 Metaspace       used 134435K, capacity 139350K, committed 139444K, reserved 1171456K
  class space    used 16402K, capacity 18174K, committed 18176K, reserved 1048576K
}
Event: 9575.841 GC heap after
{Heap after GC invocations=164 (full 0):
 garbage-first heap   total 194560K, used 118402K [0x0000000080000000, 0x0000000100000000)
  region size 1024K, 3 young (3072K), 3 survivors (3072K)
 Metaspace       used 134435K, capacity 139350K, committed 139444K, reserved 1171456K
  class space    used 16402K, capacity 18174K, committed 18176K, reserved 1048576K
}
Event: 9576.481 GC heap before
{Heap before GC invocations=165 (full 0):
 garbage-first heap   total 194560K, used 158338K [0x0000000080000000, 0x0000000100000000)
  region size 1024K, 43 young (44032K), 3 survivors (3072K)
 Metaspace       used 134532K, capacity 139455K, committed 139828K, reserved 1171456K
  class space    used 16405K, capacity 18180K, committed 18304K, reserved 1048576K
}
Event: 9576.484 GC heap after
{Heap after GC invocations=166 (full 0):
 garbage-first heap   total 194560K, used 116515K [0x0000000080000000, 0x0000000100000000)
  region size 1024K, 1 young (1024K), 1 survivors (1024K)
 Metaspace       used 134532K, capacity 139455K, committed 139828K, reserved 1171456K
  class space    used 16405K, capacity 18180K, committed 18304K, reserved 1048576K
}
Event: 9576.660 GC heap before
{Heap before GC invocations=166 (full 0):
 garbage-first heap   total 194560K, used 135971K [0x0000000080000000, 0x0000000100000000)
  region size 1024K, 9 young (9216K), 1 survivors (1024K)
 Metaspace       used 134557K, capacity 139525K, committed 139828K, reserved 1171456K
  class space    used 16406K, capacity 18181K, committed 18304K, reserved 1048576K
}

