# JRE version: OpenJDK Runtime Environment (11.0.12+7) (build 11.0.12+7-b1504.28-7817840)
# Java VM: OpenJDK 64-Bit Server VM (11.0.12+7-b1504.28-7817840, mixed mode, tiered, compressed oops, g1 gc, windows-amd64)
Heap:
 garbage-first heap   total 422912K, used 231032K [0x0000000080000000, 0x0000000100000000)
  region size 1024K, 16 young (16384K), 4 survivors (4096K)
 Metaspace       used 100740K, capacity 103311K, committed 103500K, reserved 1138688K
  class space    used 13149K, capacity 14117K, committed 14156K, reserved 1048576K
GC Heap History (20 events):
Event: 20.712 GC heap before
{Heap before GC invocations=22 (full 0):
 garbage-first heap   total 233472K, used 183804K [0x0000000080000000, 0x0000000100000000)
  region size 1024K, 37 young (37888K), 7 survivors (7168K)
 Metaspace       used 96450K, capacity 98798K, committed 99148K, reserved 1134592K
  class space    used 12578K, capacity 13479K, committed 13644K, reserved 1048576K
}
Event: 20.752 GC heap after
{Heap after GC invocations=23 (full 0):
 garbage-first heap   total 233472K, used 171008K [0x0000000080000000, 0x0000000100000000)
  region size 1024K, 5 young (5120K), 5 survivors (5120K)
 Metaspace       used 96450K, capacity 98798K, committed 99148K, reserved 1134592K
  class space    used 12578K, capacity 13479K, committed 13644K, reserved 1048576K
}
Event: 20.905 GC heap before
{Heap before GC invocations=23 (full 0):
 garbage-first heap   total 233472K, used 190464K [0x0000000080000000, 0x0000000100000000)
  region size 1024K, 24 young (24576K), 5 survivors (5120K)
 Metaspace       used 96456K, capacity 98798K, committed 99148K, reserved 1134592K
  class space    used 12578K, capacity 13479K, committed 13644K, reserved 1048576K
}
Event: 20.928 GC heap after
{Heap after GC invocations=24 (full 0):
 garbage-first heap   total 280576K, used 182272K [0x0000000080000000, 0x0000000100000000)
  region size 1024K, 3 young (3072K), 3 survivors (3072K)
 Metaspace       used 96456K, capacity 98798K, committed 99148K, reserved 1134592K
  class space    used 12578K, capacity 13479K, committed 13644K, reserved 1048576K
}
Event: 21.223 GC heap before
{Heap before GC invocations=24 (full 0):
 garbage-first heap   total 280576K, used 216064K [0x0000000080000000, 0x0000000100000000)
  region size 1024K, 36 young (36864K), 3 survivors (3072K)
 Metaspace       used 96491K, capacity 98798K, committed 99148K, reserved 1134592K
  class space    used 12578K, capacity 13479K, committed 13644K, reserved 1048576K
}
Event: 21.251 GC heap after
{Heap after GC invocations=25 (full 0):
 garbage-first heap   total 280576K, used 200659K [0x0000000080000000, 0x0000000100000000)
  region size 1024K, 5 young (5120K), 5 survivors (5120K)
 Metaspace       used 96491K, capacity 98798K, committed 99148K, reserved 1134592K
  class space    used 12578K, capacity 13479K, committed 13644K, reserved 1048576K
}
Event: 21.521 GC heap before
{Heap before GC invocations=26 (full 0):
 garbage-first heap   total 280576K, used 224211K [0x0000000080000000, 0x0000000100000000)
  region size 1024K, 29 young (29696K), 5 survivors (5120K)
 Metaspace       used 96491K, capacity 98798K, committed 99148K, reserved 1134592K
  class space    used 12578K, capacity 13479K, committed 13644K, reserved 1048576K
}
Event: 21.545 GC heap after
{Heap after GC invocations=27 (full 0):
 garbage-first heap   total 280576K, used 214729K [0x0000000080000000, 0x0000000100000000)
  region size 1024K, 4 young (4096K), 4 survivors (4096K)
 Metaspace       used 96491K, capacity 98798K, committed 99148K, reserved 1134592K
  class space    used 12578K, capacity 13479K, committed 13644K, reserved 1048576K
}
Event: 21.924 GC heap before
{Heap before GC invocations=27 (full 0):
 garbage-first heap   total 280576K, used 231113K [0x0000000080000000, 0x0000000100000000)
  region size 1024K, 21 young (21504K), 4 survivors (4096K)
 Metaspace       used 98335K, capacity 100716K, committed 100812K, reserved 1136640K
  class space    used 12845K, capacity 13754K, committed 13772K, reserved 1048576K
}
Event: 21.939 GC heap after
{Heap after GC invocations=28 (full 0):
 garbage-first heap   total 280576K, used 220753K [0x0000000080000000, 0x0000000100000000)
  region size 1024K, 3 young (3072K), 3 survivors (3072K)
 Metaspace       used 98335K, capacity 100716K, committed 100812K, reserved 1136640K
  class space    used 12845K, capacity 13754K, committed 13772K, reserved 1048576K
}
Event: 22.160 GC heap before
{Heap before GC invocations=28 (full 0):
 garbage-first heap   total 280576K, used 235089K [0x0000000080000000, 0x0000000100000000)
  region size 1024K, 17 young (17408K), 3 survivors (3072K)
 Metaspace       used 98461K, capacity 100826K, committed 101068K, reserved 1136640K
  class space    used 12861K, capacity 13767K, committed 13772K, reserved 1048576K
}
Event: 22.179 GC heap after
{Heap after GC invocations=29 (full 0):
 garbage-first heap   total 336896K, used 224979K [0x0000000080000000, 0x0000000100000000)
  region size 1024K, 3 young (3072K), 3 survivors (3072K)
 Metaspace       used 98461K, capacity 100826K, committed 101068K, reserved 1136640K
  class space    used 12861K, capacity 13767K, committed 13772K, reserved 1048576K
}
Event: 22.772 GC heap before
{Heap before GC invocations=29 (full 0):
 garbage-first heap   total 336896K, used 244435K [0x0000000080000000, 0x0000000100000000)
  region size 1024K, 35 young (35840K), 3 survivors (3072K)
 Metaspace       used 99591K, capacity 102140K, committed 102348K, reserved 1138688K
  class space    used 13017K, capacity 13970K, committed 14028K, reserved 1048576K
}
Event: 22.799 GC heap after
{Heap after GC invocations=30 (full 0):
 garbage-first heap   total 336896K, used 217963K [0x0000000080000000, 0x0000000100000000)
  region size 1024K, 5 young (5120K), 5 survivors (5120K)
 Metaspace       used 99591K, capacity 102140K, committed 102348K, reserved 1138688K
  class space    used 13017K, capacity 13970K, committed 14028K, reserved 1048576K
}
Event: 23.133 GC heap before
{Heap before GC invocations=31 (full 0):
 garbage-first heap   total 336896K, used 253803K [0x0000000080000000, 0x0000000100000000)
  region size 1024K, 41 young (41984K), 5 survivors (5120K)
 Metaspace       used 100194K, capacity 102770K, committed 102988K, reserved 1138688K
  class space    used 13082K, capacity 14048K, committed 14156K, reserved 1048576K
}
Event: 23.149 GC heap after
{Heap after GC invocations=32 (full 0):
 garbage-first heap   total 336896K, used 220378K [0x0000000080000000, 0x0000000100000000)
  region size 1024K, 3 young (3072K), 3 survivors (3072K)
 Metaspace       used 100194K, capacity 102770K, committed 102988K, reserved 1138688K
  class space    used 13082K, capacity 14048K, committed 14156K, reserved 1048576K
}
Event: 23.245 GC heap before
{Heap before GC invocations=32 (full 0):
 garbage-first heap   total 336896K, used 232666K [0x0000000080000000, 0x0000000100000000)
  region size 1024K, 16 young (16384K), 3 survivors (3072K)
 Metaspace       used 100258K, capacity 102851K, committed 102988K, reserved 1138688K
  class space    used 13091K, capacity 14053K, committed 14156K, reserved 1048576K
}
Event: 23.256 GC heap after
{Heap after GC invocations=33 (full 0):
 garbage-first heap   total 336896K, used 216394K [0x0000000080000000, 0x0000000100000000)
  region size 1024K, 2 young (2048K), 2 survivors (2048K)
 Metaspace       used 100258K, capacity 102851K, committed 102988K, reserved 1138688K
  class space    used 13091K, capacity 14053K, committed 14156K, reserved 1048576K
}
Event: 23.403 GC heap before
{Heap before GC invocations=33 (full 0):
 garbage-first heap   total 336896K, used 235850K [0x0000000080000000, 0x0000000100000000)
  region size 1024K, 23 young (23552K), 2 survivors (2048K)
 Metaspace       used 100371K, capacity 102920K, committed 103244K, reserved 1138688K
  class space    used 13098K, capacity 14053K, committed 14156K, reserved 1048576K
}
Event: 23.417 GC heap after
{Heap after GC invocations=34 (full 0):
 garbage-first heap   total 422912K, used 217720K [0x0000000080000000, 0x0000000100000000)
  region size 1024K, 4 young (4096K), 4 survivors (4096K)
 Metaspace       used 100371K, capacity 102920K, committed 103244K, reserved 1138688K
  class space    used 13098K, capacity 14053K, committed 14156K, reserved 1048576K
}

